<?xml version="1.0" encoding="UTF-8"?>
<testng-results ignored="0" total="1" passed="1" failed="0" skipped="0">
  <reporter-output>
  </reporter-output>
  <suite started-at="2020-11-04T16:38:17 IST" name="Default suite" finished-at="2020-11-04T16:39:02 IST" duration-ms="44689">
    <groups>
    </groups>
    <test started-at="2020-11-04T16:38:17 IST" name="Default test" finished-at="2020-11-04T16:39:02 IST" duration-ms="44689">
      <class name="com.atmecs.employee_management.operations.OneToOneMapping">
        <test-method signature="oneToOneMapping()[pri:0, instance:com.atmecs.employee_management.operations.OneToOneMapping@23529fee]" started-at="2020-11-04T16:38:17 IST" name="oneToOneMapping" finished-at="2020-11-04T16:39:02 IST" duration-ms="44648" status="PASS">
          <reporter-output>
          </reporter-output>
        </test-method> <!-- oneToOneMapping -->
      </class> <!-- com.atmecs.employee_management.operations.OneToOneMapping -->
    </test> <!-- Default test -->
  </suite> <!-- Default suite -->
</testng-results>
